Flutter crash report.
Please report a bug at https://github.com/flutter/flutter/issues.

## command

flutter run

## exception

OutOfMemoryError: Out of Memory

```
#0      new Uint8List (dart:typed_data-patch/typed_data_patch.dart:2307:3)
#1      Uint8Buffer._createBuffer (package:typed_data/src/typed_buffer.dart:328:40)
#2      TypedDataBuffer._createBiggerBuffer (package:typed_data/src/typed_buffer.dart:259:12)
#3      TypedDataBuffer._ensureCapacity (package:typed_data/src/typed_buffer.dart:241:21)
#4      TypedDataBuffer._insertKnownLength (package:typed_data/src/typed_buffer.dart:209:5)
#5      TypedDataBuffer._addAll (package:typed_data/src/typed_buffer.dart:186:7)
#6      TypedDataBuffer.addAll (package:typed_data/src/typed_buffer.dart:91:5)
#7      HashSink.add (package:crypto/src/hash_sink.dart:79:18)
#8      _ByteAdapterSink.add (dart:convert/byte_conversion.dart:49:11)
#9      Hash.convert (package:crypto/src/hash.dart:28:15)
#10     _calculateSha (package:flutter_tools/src/android/gradle.dart:927:20)
#11     AndroidGradleBuilder.buildGradleApp (package:flutter_tools/src/android/gradle.dart:588:36)
#12     _rootRunUnary (dart:async/zone.dart:1407:47)
#13     _CustomZone.runUnary (dart:async/zone.dart:1308:19)
#14     _FutureListener.handleValue (dart:async/future_impl.dart:163:18)
#15     Future._propagateToListeners.handleValueCallback (dart:async/future_impl.dart:861:45)
#16     Future._propagateToListeners (dart:async/future_impl.dart:890:13)
#17     Future._completeWithValue (dart:async/future_impl.dart:666:5)
#18     Future._asyncCompleteWithValue.<anonymous closure> (dart:async/future_impl.dart:736:7)
#19     _rootRun (dart:async/zone.dart:1399:13)
#20     _CustomZone.run (dart:async/zone.dart:1301:19)
#21     _CustomZone.runGuarded (dart:async/zone.dart:1209:7)
#22     _CustomZone.bindCallbackGuarded.<anonymous closure> (dart:async/zone.dart:1249:23)
#23     _microtaskLoop (dart:async/schedule_microtask.dart:40:21)
#24     _startMicrotaskLoop (dart:async/schedule_microtask.dart:49:5)
#25     _runPendingImmediateCallback (dart:isolate-patch/isolate_patch.dart:118:13)
#26     _RawReceivePort._handleMessage (dart:isolate-patch/isolate_patch.dart:185:5)
```

## flutter doctor

```
[32m[✓][39m Flutter (Channel stable, 3.24.3, on Microsoft Windows [Version 10.0.19045.4780], locale en-IN)
    [32m•[39m Flutter version 3.24.3 on channel stable at C:\src\flutter
    [32m•[39m Upstream repository https://github.com/flutter/flutter.git
    [32m•[39m Framework revision 2663184aa7 (3 weeks ago), 2024-09-11 16:27:48 -0500
    [32m•[39m Engine revision 36335019a8
    [32m•[39m Dart version 3.5.3
    [32m•[39m DevTools version 2.37.3

[32m[✓][39m Windows Version (Installed version of Windows is version 10 or higher)

[32m[✓][39m Android toolchain - develop for Android devices (Android SDK version 34.0.0)
    [32m•[39m Android SDK at C:\Android
    [32m•[39m Platform android-34, build-tools 34.0.0
    [32m•[39m ANDROID_HOME = C:\Android
    [32m•[39m Java binary at: C:\Program Files\Java\jdk-17\bin\java
    [32m•[39m Java version Java(TM) SE Runtime Environment (build 17.0.11+7-LTS-207)
    [32m•[39m All Android licenses accepted.

[32m[✓][39m Chrome - develop for the web
    [32m•[39m Chrome at C:\Program Files\Google\Chrome\Application\chrome.exe

[31m[✗][39m Visual Studio - develop Windows apps
    [31m✗[39m Visual Studio not installed; this is necessary to develop Windows apps.
      Download at https://visualstudio.microsoft.com/downloads/.
      Please install the "Desktop development with C++" workload, including all of its default components

[33m[!][39m Android Studio (version 2023.2)
    [32m•[39m Android Studio at C:\Program Files\Android\Android Studio
    [32m•[39m Flutter plugin can be installed from:
      🔨 https://plugins.jetbrains.com/plugin/9212-flutter
    [32m•[39m Dart plugin can be installed from:
      🔨 https://plugins.jetbrains.com/plugin/6351-dart
    [31m✗[39m Unable to determine bundled Java version.
    [32m•[39m Try updating or re-installing Android Studio.

[32m[✓][39m VS Code (version 1.93.1)
    [32m•[39m VS Code at C:\Users\VINEET\AppData\Local\Programs\Microsoft VS Code
    [32m•[39m Flutter extension can be installed from:
      🔨 https://marketplace.visualstudio.com/items?itemName=Dart-Code.flutter

[32m[✓][39m Connected device (4 available)
    [32m•[39m RMX3081 (mobile)  • 490b8ddb • android-arm64  • Android 13 (API 33)
    [32m•[39m Windows (desktop) • windows  • windows-x64    • Microsoft Windows [Version 10.0.19045.4780]
    [32m•[39m Chrome (web)      • chrome   • web-javascript • Google Chrome 129.0.6668.89
    [32m•[39m Edge (web)        • edge     • web-javascript • Microsoft Edge 129.0.2792.65

[32m[✓][39m Network resources
    [32m•[39m All expected network resources are available.

[33m![39m Doctor found issues in 2 categories.
```
